app/build/intermediates/manifest_merge_blame_file/debug/manifest-merger-blame-debug-report.txt
1<?xml version="1.0" encoding="utf-8"?>
2<manifest xmlns:android="http://schemas.android.com/apk/res/android"
3    package="com.example.androidelocationtest2"
4    android:versionCode="1"
5    android:versionName="1.0" >
6
7    <uses-sdk
8        android:minSdkVersion="16"
8-->src\main\AndroidManifest.xml
9        android:targetSdkVersion="30" />
9-->src\main\AndroidManifest.xml
10
11    <uses-permission android:name="android.permission.ACCESS_FINE_LOCATION" />
11-->src\main\AndroidManifest.xml:5:5-78
11-->src\main\AndroidManifest.xml:5:22-76
12
13    <!-- Include required permissions for Analytics to run. -->
14    <uses-permission android:name="android.permission.INTERNET" />
14-->[com.google.android.gms:play-services-analytics:9.2.0] AndroidManifest.xml:21:5-67
14-->[com.google.android.gms:play-services-analytics:9.2.0] AndroidManifest.xml:21:22-64
15    <uses-permission android:name="android.permission.ACCESS_NETWORK_STATE" /> <!-- Optional permission for Analytics to run. -->
15-->[com.google.android.gms:play-services-analytics:9.2.0] AndroidManifest.xml:22:5-79
15-->[com.google.android.gms:play-services-analytics:9.2.0] AndroidManifest.xml:22:22-76
16    <uses-permission android:name="android.permission.WAKE_LOCK" /> <!-- Permissions required for GCM -->
16-->[com.google.android.gms:play-services-analytics:9.2.0] AndroidManifest.xml:25:5-67
16-->[com.google.android.gms:play-services-analytics:9.2.0] AndroidManifest.xml:25:22-65
17    <uses-permission android:name="com.google.android.c2dm.permission.RECEIVE" />
17-->[com.google.android.gms:play-services-gcm:9.2.0] AndroidManifest.xml:21:5-82
17-->[com.google.android.gms:play-services-gcm:9.2.0] AndroidManifest.xml:21:22-79
18
19    <uses-feature
19-->[com.google.android.gms:play-services-maps:9.2.0] AndroidManifest.xml:22:5-24:33
20        android:glEsVersion="0x00020000"
20-->[com.google.android.gms:play-services-maps:9.2.0] AndroidManifest.xml:23:8-40
21        android:required="true" />
21-->[com.google.android.gms:play-services-maps:9.2.0] AndroidManifest.xml:24:8-31
22
23    <permission
23-->[com.google.firebase:firebase-iid:9.2.0] AndroidManifest.xml:25:5-26:47
24        android:name="com.example.androidelocationtest2.permission.C2D_MESSAGE"
24-->[com.google.firebase:firebase-iid:9.2.0] AndroidManifest.xml:25:17-71
25        android:protectionLevel="signature" />
25-->[com.google.firebase:firebase-iid:9.2.0] AndroidManifest.xml:26:9-44
26
27    <uses-permission android:name="com.example.androidelocationtest2.permission.C2D_MESSAGE" />
27-->[com.google.firebase:firebase-iid:9.2.0] AndroidManifest.xml:28:5-79
27-->[com.google.firebase:firebase-iid:9.2.0] AndroidManifest.xml:28:22-76
28
29    <application
29-->src\main\AndroidManifest.xml:7:5-21:19
30        android:allowBackup="true"
30-->src\main\AndroidManifest.xml:8:9-35
31        android:appComponentFactory="androidx.core.app.CoreComponentFactory"
31-->[androidx.core:core:1.3.1] AndroidManifest.xml:24:18-86
32        android:debuggable="true"
33        android:icon="@mipmap/ic_launcher"
33-->src\main\AndroidManifest.xml:9:9-43
34        android:label="@string/app_name"
34-->src\main\AndroidManifest.xml:10:9-41
35        android:roundIcon="@mipmap/ic_launcher_round"
35-->src\main\AndroidManifest.xml:11:9-54
36        android:supportsRtl="true"
36-->src\main\AndroidManifest.xml:12:9-35
37        android:theme="@style/Theme.Androidelocationtest2" >
37-->src\main\AndroidManifest.xml:13:9-59
38        <activity android:name="com.example.androidelocationtest2.MainActivity" >
38-->src\main\AndroidManifest.xml:14:9-20:20
38-->src\main\AndroidManifest.xml:14:19-47
39            <intent-filter>
39-->src\main\AndroidManifest.xml:15:13-19:29
40                <action android:name="android.intent.action.MAIN" />
40-->src\main\AndroidManifest.xml:16:17-69
40-->src\main\AndroidManifest.xml:16:25-66
41
42                <category android:name="android.intent.category.LAUNCHER" />
42-->src\main\AndroidManifest.xml:18:17-77
42-->src\main\AndroidManifest.xml:18:27-74
43            </intent-filter>
44        </activity>
45
46        <receiver android:name="com.google.android.gms.cast.framework.media.MediaIntentReceiver" />
46-->[com.google.android.gms:play-services-cast-framework:9.2.0] AndroidManifest.xml:6:9-100
46-->[com.google.android.gms:play-services-cast-framework:9.2.0] AndroidManifest.xml:6:19-97
47
48        <service android:name="com.google.android.gms.cast.framework.media.MediaNotificationService" />
48-->[com.google.android.gms:play-services-cast-framework:9.2.0] AndroidManifest.xml:7:9-104
48-->[com.google.android.gms:play-services-cast-framework:9.2.0] AndroidManifest.xml:7:18-101
49        <service android:name="com.google.android.gms.cast.framework.ReconnectionService" />
49-->[com.google.android.gms:play-services-cast-framework:9.2.0] AndroidManifest.xml:8:9-92
49-->[com.google.android.gms:play-services-cast-framework:9.2.0] AndroidManifest.xml:8:18-90
50
51        <activity
51-->[com.google.android.gms:play-services-appinvite:9.2.0] AndroidManifest.xml:21:9-29:20
52            android:name="com.google.android.gms.appinvite.PreviewActivity"
52-->[com.google.android.gms:play-services-appinvite:9.2.0] AndroidManifest.xml:22:17-48
53            android:exported="true"
53-->[com.google.android.gms:play-services-appinvite:9.2.0] AndroidManifest.xml:23:17-40
54            android:theme="@style/Theme.AppInvite.Preview" >
54-->[com.google.android.gms:play-services-appinvite:9.2.0] AndroidManifest.xml:24:17-63
55            <intent-filter>
55-->[com.google.android.gms:play-services-appinvite:9.2.0] AndroidManifest.xml:25:13-28:29
56                <action android:name="com.google.android.gms.appinvite.ACTION_PREVIEW" />
56-->[com.google.android.gms:play-services-appinvite:9.2.0] AndroidManifest.xml:26:17-89
56-->[com.google.android.gms:play-services-appinvite:9.2.0] AndroidManifest.xml:26:25-87
57
58                <category android:name="android.intent.category.DEFAULT" />
58-->[com.google.android.gms:play-services-appinvite:9.2.0] AndroidManifest.xml:27:17-75
58-->[com.google.android.gms:play-services-appinvite:9.2.0] AndroidManifest.xml:27:27-73
59            </intent-filter>
60        </activity>
61        <activity
61-->[com.google.android.gms:play-services-auth:9.2.0] AndroidManifest.xml:21:9-24:46
62            android:name="com.google.android.gms.auth.api.signin.internal.SignInHubActivity"
62-->[com.google.android.gms:play-services-auth:9.2.0] AndroidManifest.xml:21:19-68
63            android:excludeFromRecents="true"
63-->[com.google.android.gms:play-services-auth:9.2.0] AndroidManifest.xml:23:19-52
64            android:exported="false"
64-->[com.google.android.gms:play-services-auth:9.2.0] AndroidManifest.xml:24:19-43
65            android:theme="@android:style/Theme.Translucent.NoTitleBar" />
65-->[com.google.android.gms:play-services-auth:9.2.0] AndroidManifest.xml:22:19-78
66        <!--
67Service handling Google Sign-In user revocation. For apps that do not integrate with
68            Google Sign-In, this service will never be started.
69        -->
70        <service
70-->[com.google.android.gms:play-services-auth:9.2.0] AndroidManifest.xml:28:9-31:110
71            android:name="com.google.android.gms.auth.api.signin.RevocationBoundService"
71-->[com.google.android.gms:play-services-auth:9.2.0] AndroidManifest.xml:29:13-58
72            android:exported="true"
72-->[com.google.android.gms:play-services-auth:9.2.0] AndroidManifest.xml:30:13-36
73            android:permission="com.google.android.gms.auth.api.signin.permission.REVOCATION_NOTIFICATION" />
73-->[com.google.android.gms:play-services-auth:9.2.0] AndroidManifest.xml:31:13-107
74        <service
74-->[com.google.firebase:firebase-crash:9.2.0] AndroidManifest.xml:26:9-27:50
75            android:name="com.google.firebase.crash.internal.service.FirebaseCrashReceiverService"
75-->[com.google.firebase:firebase-crash:9.2.0] AndroidManifest.xml:26:18-79
76            android:process=":background_crash" />
76-->[com.google.firebase:firebase-crash:9.2.0] AndroidManifest.xml:27:13-48
77        <service
77-->[com.google.firebase:firebase-crash:9.2.0] AndroidManifest.xml:29:9-30:50
78            android:name="com.google.firebase.crash.internal.service.FirebaseCrashSenderService"
78-->[com.google.firebase:firebase-crash:9.2.0] AndroidManifest.xml:29:18-77
79            android:process=":background_crash" />
79-->[com.google.firebase:firebase-crash:9.2.0] AndroidManifest.xml:30:13-48
80
81        <activity
81-->[com.google.android.gms:play-services-base:9.2.0] AndroidManifest.xml:20:9-22:45
82            android:name="com.google.android.gms.common.api.GoogleApiActivity"
82-->[com.google.android.gms:play-services-base:9.2.0] AndroidManifest.xml:20:19-85
83            android:exported="false"
83-->[com.google.android.gms:play-services-base:9.2.0] AndroidManifest.xml:22:19-43
84            android:theme="@android:style/Theme.Translucent.NoTitleBar" /> <!-- Include the AdActivity and InAppPurchaseActivity configChanges and themes. -->
84-->[com.google.android.gms:play-services-base:9.2.0] AndroidManifest.xml:21:19-78
85        <activity
85-->[com.google.android.gms:play-services-ads-lite:9.2.0] AndroidManifest.xml:26:9-29:64
86            android:name="com.google.android.gms.ads.AdActivity"
86-->[com.google.android.gms:play-services-ads-lite:9.2.0] AndroidManifest.xml:27:13-65
87            android:configChanges="keyboard|keyboardHidden|orientation|screenLayout|uiMode|screenSize|smallestScreenSize"
87-->[com.google.android.gms:play-services-ads-lite:9.2.0] AndroidManifest.xml:28:13-122
88            android:theme="@android:style/Theme.Translucent" />
88-->[com.google.android.gms:play-services-ads-lite:9.2.0] AndroidManifest.xml:29:13-61
89        <activity
89-->[com.google.android.gms:play-services-ads-lite:9.2.0] AndroidManifest.xml:30:9-31:52
90            android:name="com.google.android.gms.ads.purchase.InAppPurchaseActivity"
90-->[com.google.android.gms:play-services-ads-lite:9.2.0] AndroidManifest.xml:30:19-91
91            android:theme="@style/Theme.IAPTheme" />
91-->[com.google.android.gms:play-services-ads-lite:9.2.0] AndroidManifest.xml:31:13-50
92        <!--
93 FirebaseMessagingService performs security checks at runtime,
94             no need for explicit permissions despite exported="true"
95        -->
96        <service
96-->[com.google.firebase:firebase-messaging:9.2.0] AndroidManifest.xml:24:9-30:19
97            android:name="com.google.firebase.messaging.FirebaseMessagingService"
97-->[com.google.firebase:firebase-messaging:9.2.0] AndroidManifest.xml:25:13-82
98            android:exported="true" >
98-->[com.google.firebase:firebase-messaging:9.2.0] AndroidManifest.xml:26:13-36
99            <intent-filter android:priority="-500" >
99-->[com.google.firebase:firebase-messaging:9.2.0] AndroidManifest.xml:27:13-29:29
99-->[com.google.firebase:firebase-messaging:9.2.0] AndroidManifest.xml:27:28-51
100                <action android:name="com.google.firebase.MESSAGING_EVENT" />
100-->[com.google.firebase:firebase-messaging:9.2.0] AndroidManifest.xml:28:17-78
100-->[com.google.firebase:firebase-messaging:9.2.0] AndroidManifest.xml:28:25-75
101            </intent-filter>
102        </service>
103        <service
103-->[com.google.android.gms:play-services-tagmanager-api:9.2.0] AndroidManifest.xml:25:9-27:42
104            android:name="com.google.android.gms.tagmanager.TagManagerService"
104-->[com.google.android.gms:play-services-tagmanager-api:9.2.0] AndroidManifest.xml:25:18-84
105            android:enabled="true"
105-->[com.google.android.gms:play-services-tagmanager-api:9.2.0] AndroidManifest.xml:27:17-39
106            android:exported="false" />
106-->[com.google.android.gms:play-services-tagmanager-api:9.2.0] AndroidManifest.xml:26:17-41
107
108        <activity
108-->[com.google.android.gms:play-services-tagmanager-api:9.2.0] AndroidManifest.xml:28:9-37:20
109            android:name="com.google.android.gms.tagmanager.TagManagerPreviewActivity"
109-->[com.google.android.gms:play-services-tagmanager-api:9.2.0] AndroidManifest.xml:29:13-87
110            android:noHistory="true" > <!-- optional, removes the previewActivity from the activity stack. -->
110-->[com.google.android.gms:play-services-tagmanager-api:9.2.0] AndroidManifest.xml:30:13-37
111            <intent-filter>
111-->[com.google.android.gms:play-services-tagmanager-api:9.2.0] AndroidManifest.xml:31:13-36:29
112                <data android:scheme="tagmanager.c.com.example.androidelocationtest2" />
112-->[com.google.android.gms:play-services-tagmanager-api:9.2.0] AndroidManifest.xml:32:17-72
112-->[com.google.android.gms:play-services-tagmanager-api:9.2.0] AndroidManifest.xml:32:23-69
113
114                <action android:name="android.intent.action.VIEW" />
114-->[com.google.android.gms:play-services-tagmanager-api:9.2.0] AndroidManifest.xml:33:17-69
114-->[com.google.android.gms:play-services-tagmanager-api:9.2.0] AndroidManifest.xml:33:25-66
115
116                <category android:name="android.intent.category.DEFAULT" />
116-->[com.google.android.gms:play-services-appinvite:9.2.0] AndroidManifest.xml:27:17-75
116-->[com.google.android.gms:play-services-appinvite:9.2.0] AndroidManifest.xml:27:27-73
117                <category android:name="android.intent.category.BROWSABLE" />
117-->[com.google.android.gms:play-services-tagmanager-api:9.2.0] AndroidManifest.xml:35:17-77
117-->[com.google.android.gms:play-services-tagmanager-api:9.2.0] AndroidManifest.xml:35:27-75
118            </intent-filter>
119        </activity>
120
121        <receiver
121-->[com.google.firebase:firebase-analytics:9.2.0] AndroidManifest.xml:28:7-34:18
122            android:name="com.google.android.gms.measurement.AppMeasurementReceiver"
122-->[com.google.firebase:firebase-analytics:9.2.0] AndroidManifest.xml:29:11-83
123            android:enabled="true" >
123-->[com.google.firebase:firebase-analytics:9.2.0] AndroidManifest.xml:30:11-33
124            <intent-filter>
124-->[com.google.firebase:firebase-analytics:9.2.0] AndroidManifest.xml:31:9-33:25
125                <action android:name="com.google.android.gms.measurement.UPLOAD" />
125-->[com.google.firebase:firebase-analytics:9.2.0] AndroidManifest.xml:32:11-77
125-->[com.google.firebase:firebase-analytics:9.2.0] AndroidManifest.xml:32:19-75
126            </intent-filter>
127        </receiver>
128
129        <service
129-->[com.google.firebase:firebase-analytics:9.2.0] AndroidManifest.xml:36:7-39:37
130            android:name="com.google.android.gms.measurement.AppMeasurementService"
130-->[com.google.firebase:firebase-analytics:9.2.0] AndroidManifest.xml:37:11-82
131            android:enabled="true"
131-->[com.google.firebase:firebase-analytics:9.2.0] AndroidManifest.xml:38:11-33
132            android:exported="false" />
132-->[com.google.firebase:firebase-analytics:9.2.0] AndroidManifest.xml:39:11-35
133
134        <receiver
134-->[com.google.firebase:firebase-iid:9.2.0] AndroidManifest.xml:32:9-41:20
135            android:name="com.google.firebase.iid.FirebaseInstanceIdReceiver"
135-->[com.google.firebase:firebase-iid:9.2.0] AndroidManifest.xml:33:13-78
136            android:exported="true"
136-->[com.google.firebase:firebase-iid:9.2.0] AndroidManifest.xml:34:13-36
137            android:permission="com.google.android.c2dm.permission.SEND" >
137-->[com.google.firebase:firebase-iid:9.2.0] AndroidManifest.xml:35:13-73
138            <intent-filter>
138-->[com.google.firebase:firebase-iid:9.2.0] AndroidManifest.xml:36:13-40:29
139                <action android:name="com.google.android.c2dm.intent.RECEIVE" />
139-->[com.google.firebase:firebase-iid:9.2.0] AndroidManifest.xml:37:17-81
139-->[com.google.firebase:firebase-iid:9.2.0] AndroidManifest.xml:37:25-78
140                <action android:name="com.google.android.c2dm.intent.REGISTRATION" />
140-->[com.google.firebase:firebase-iid:9.2.0] AndroidManifest.xml:38:17-86
140-->[com.google.firebase:firebase-iid:9.2.0] AndroidManifest.xml:38:25-83
141
142                <category android:name="com.example.androidelocationtest2" />
142-->[com.google.firebase:firebase-iid:9.2.0] AndroidManifest.xml:39:17-61
142-->[com.google.firebase:firebase-iid:9.2.0] AndroidManifest.xml:39:27-58
143            </intent-filter>
144        </receiver>
145        <!--
146 Internal (not exported) receiver used by the app to start its own exported services
147             without risk of being spoofed.
148        -->
149        <receiver
149-->[com.google.firebase:firebase-iid:9.2.0] AndroidManifest.xml:45:9-47:40
150            android:name="com.google.firebase.iid.FirebaseInstanceIdInternalReceiver"
150-->[com.google.firebase:firebase-iid:9.2.0] AndroidManifest.xml:46:13-86
151            android:exported="false" />
151-->[com.google.firebase:firebase-iid:9.2.0] AndroidManifest.xml:47:13-37
152        <!--
153 FirebaseInstanceIdService performs security checks at runtime,
154             no need for explicit permissions despite exported="true"
155        -->
156        <service
156-->[com.google.firebase:firebase-iid:9.2.0] AndroidManifest.xml:51:9-57:19
157            android:name="com.google.firebase.iid.FirebaseInstanceIdService"
157-->[com.google.firebase:firebase-iid:9.2.0] AndroidManifest.xml:52:13-77
158            android:exported="true" >
158-->[com.google.firebase:firebase-iid:9.2.0] AndroidManifest.xml:53:13-36
159            <intent-filter android:priority="-500" >
159-->[com.google.firebase:firebase-iid:9.2.0] AndroidManifest.xml:54:13-56:29
159-->[com.google.firebase:firebase-iid:9.2.0] AndroidManifest.xml:54:28-51
160                <action android:name="com.google.firebase.INSTANCE_ID_EVENT" />
160-->[com.google.firebase:firebase-iid:9.2.0] AndroidManifest.xml:55:17-80
160-->[com.google.firebase:firebase-iid:9.2.0] AndroidManifest.xml:55:25-77
161            </intent-filter>
162        </service>
163
164        <provider
164-->[com.google.firebase:firebase-common:9.2.0] AndroidManifest.xml:7:9-11:39
165            android:name="com.google.firebase.provider.FirebaseInitProvider"
165-->[com.google.firebase:firebase-common:9.2.0] AndroidManifest.xml:9:13-58
166            android:authorities="com.example.androidelocationtest2.firebaseinitprovider"
166-->[com.google.firebase:firebase-common:9.2.0] AndroidManifest.xml:8:13-72
167            android:exported="false"
167-->[com.google.firebase:firebase-common:9.2.0] AndroidManifest.xml:10:13-37
168            android:initOrder="100" />
168-->[com.google.firebase:firebase-common:9.2.0] AndroidManifest.xml:11:13-36
169
170        <meta-data
170-->[com.google.android.gms:play-services-basement:9.2.0] AndroidManifest.xml:21:9-23:69
171            android:name="com.google.android.gms.version"
171-->[com.google.android.gms:play-services-basement:9.2.0] AndroidManifest.xml:22:13-58
172            android:value="@integer/google_play_services_version" />
172-->[com.google.android.gms:play-services-basement:9.2.0] AndroidManifest.xml:23:13-66
173    </application>
174
175</manifest>